<?xml version="1.0" encoding="UTF-8"?>
<!--  Copyright 2013-2017 EPAM Systems
      This file is part of Wilma.
      Wilma is free software: you can redistribute it and/or modify it under the terms of the GNU General Public License 
      as published by the Free Software Foundation, either version 3 of the License, or (at your option) any later version.
      Wilma is distributed in the hope that it will be useful, but WITHOUT ANY WARRANTY; without even the implied warranty of
      MERCHANTABILITY or FITNESS FOR A PARTICULAR PURPOSE.  See the GNU General Public License for more details.
      You should have received a copy of the GNU General Public License along with Wilma. 
      If not, see <http://www.gnu.org/licenses/>. -->
<beans xmlns="http://www.springframework.org/schema/beans" xmlns:xsi="http://www.w3.org/2001/XMLSchema-instance" xmlns:context="http://www.springframework.org/schema/context"
  xsi:schemaLocation="http://www.springframework.org/schema/beans http://www.springframework.org/schema/beans/spring-beans-3.2.xsd
        http://www.springframework.org/schema/context http://www.springframework.org/schema/context/spring-context-3.2.xsd">
    <bean class="java.lang.String" id="test" />
</beans>